2012-05-13 02:38:37	襤 Bankas覺 Alt覺n Fiyat覺	Alt覺n	90.92	TL	
2012-05-13 02:38:37	Garanti Bankas覺 Alt覺n Fiyat覺	Alt覺n	91.078	TL	
2012-05-13 02:38:37	Vatan Bilgisayar IPhone Fiyat覺	APPLE iPHONE 4 8 GB CEP TELEFONU (S幎AH)	1888	TL	http//www.vatanbilgisayar.com/products_images/200x200/APPLE/v2-57826.jpg
2012-05-14 23:21:03	襤 Bankas覺 Alt覺n Fiyat覺	Alt覺n	90.89	TL	
2012-05-14 23:21:03	Garanti Bankas覺 Alt覺n Fiyat覺	Alt覺n	90.847	TL	
2012-05-14 23:21:04	Akbank Alt覺n Fiyat覺	Alt覺n	92.36749	TL	
2012-05-14 23:21:05	Vatan Bilgisayar IPhone Fiyat覺	APPLE iPHONE 4 8 GB CEP TELEFONU (S幎AH)	1888	TL	http//www.vatanbilgisayar.com/products_images/200x200/APPLE/v2-57826.jpg
2012-05-14 23:21:06	Gold Bilgisayar IPhone Fiyat覺	Iphone 4s 16gb Siyah Cep Telefonu -	1891.33	TL	http//www.gold.com.tr/UrunResim/BuyukResim/1219782750957.jpg
2012-05-14 23:21:06	Istanbul Biliim IPhone Fiyat覺	Apple iPhone 4S  16GB (S幎AH)  Cep Telefonu	1794	TL	http//www.istanbulbilisim.com.tr/thumbnail2.php?id=30587&iw=500
2012-05-14 23:21:09	襤 Bankas覺 Alt覺n Fiyat覺	Alt覺n	90.89	TL	
2012-05-14 23:21:09	Garanti Bankas覺 Alt覺n Fiyat覺	Alt覺n	90.847	TL	
2012-05-14 23:21:10	Akbank Alt覺n Fiyat覺	Alt覺n	92.36749	TL	
2012-05-14 23:21:12	Vatan Bilgisayar IPhone Fiyat覺	APPLE iPHONE 4 8 GB CEP TELEFONU (S幎AH)	1888	TL	http//www.vatanbilgisayar.com/products_images/200x200/APPLE/v2-57826.jpg
2012-05-14 23:21:13	Gold Bilgisayar IPhone Fiyat覺	Iphone 4s 16gb Siyah Cep Telefonu -	1891.33	TL	http//www.gold.com.tr/UrunResim/BuyukResim/1219782750957.jpg
2012-05-14 23:21:14	Istanbul Biliim IPhone Fiyat覺	Apple iPhone 4S  16GB (S幎AH)  Cep Telefonu	1794	TL	http//www.istanbulbilisim.com.tr/thumbnail2.php?id=30587&iw=500
2012-05-14 23:21:17	襤 Bankas覺 Alt覺n Fiyat覺	Alt覺n	90.89	TL	
2012-05-14 23:21:17	Garanti Bankas覺 Alt覺n Fiyat覺	Alt覺n	90.847	TL	
2012-05-14 23:21:18	Akbank Alt覺n Fiyat覺	Alt覺n	92.36749	TL	
2012-05-14 23:21:19	Vatan Bilgisayar IPhone Fiyat覺	APPLE iPHONE 4 8 GB CEP TELEFONU (S幎AH)	1888	TL	http//www.vatanbilgisayar.com/products_images/200x200/APPLE/v2-57826.jpg
2012-05-14 23:21:20	Gold Bilgisayar IPhone Fiyat覺	Iphone 4s 16gb Siyah Cep Telefonu -	1891.33	TL	http//www.gold.com.tr/UrunResim/BuyukResim/1219782750957.jpg
2012-05-14 23:21:21	Istanbul Biliim IPhone Fiyat覺	Apple iPhone 4S  16GB (S幎AH)  Cep Telefonu	1794	TL	http//www.istanbulbilisim.com.tr/thumbnail2.php?id=30587&iw=500
2012-05-14 23:21:24	襤 Bankas覺 Alt覺n Fiyat覺	Alt覺n	90.89	TL	
2012-05-14 23:21:24	Garanti Bankas覺 Alt覺n Fiyat覺	Alt覺n	90.847	TL	
2012-05-14 23:21:25	Akbank Alt覺n Fiyat覺	Alt覺n	92.36749	TL	
2012-05-14 23:21:27	Vatan Bilgisayar IPhone Fiyat覺	APPLE iPHONE 4 8 GB CEP TELEFONU (S幎AH)	1888	TL	http//www.vatanbilgisayar.com/products_images/200x200/APPLE/v2-57826.jpg
2012-05-14 23:21:28	Gold Bilgisayar IPhone Fiyat覺	Iphone 4s 16gb Siyah Cep Telefonu -	1891.33	TL	http//www.gold.com.tr/UrunResim/BuyukResim/1219782750957.jpg
2012-05-14 23:21:29	Istanbul Biliim IPhone Fiyat覺	Apple iPhone 4S  16GB (S幎AH)  Cep Telefonu	1794	TL	http//www.istanbulbilisim.com.tr/thumbnail2.php?id=30587&iw=500
2012-05-14 23:21:32	襤 Bankas覺 Alt覺n Fiyat覺	Alt覺n	90.89	TL	
2012-05-14 23:21:32	Garanti Bankas覺 Alt覺n Fiyat覺	Alt覺n	90.847	TL	
2012-05-14 23:21:33	Akbank Alt覺n Fiyat覺	Alt覺n	92.36749	TL	
2012-05-14 23:21:34	Vatan Bilgisayar IPhone Fiyat覺	APPLE iPHONE 4 8 GB CEP TELEFONU (S幎AH)	1888	TL	http//www.vatanbilgisayar.com/products_images/200x200/APPLE/v2-57826.jpg
2012-05-14 23:21:34	Gold Bilgisayar IPhone Fiyat覺	Iphone 4s 16gb Siyah Cep Telefonu -	1891.33	TL	http//www.gold.com.tr/UrunResim/BuyukResim/1219782750957.jpg
2012-05-14 23:21:35	Istanbul Biliim IPhone Fiyat覺	Apple iPhone 4S  16GB (S幎AH)  Cep Telefonu	1794	TL	http//www.istanbulbilisim.com.tr/thumbnail2.php?id=30587&iw=500
2012-05-14 23:21:38	襤 Bankas覺 Alt覺n Fiyat覺	Alt覺n	90.89	TL	
2012-05-14 23:21:38	Garanti Bankas覺 Alt覺n Fiyat覺	Alt覺n	90.847	TL	
2012-05-14 23:21:38	Akbank Alt覺n Fiyat覺	Alt覺n	92.36749	TL	
2012-05-14 23:21:39	Vatan Bilgisayar IPhone Fiyat覺	APPLE iPHONE 4 8 GB CEP TELEFONU (S幎AH)	1888	TL	http//www.vatanbilgisayar.com/products_images/200x200/APPLE/v2-57826.jpg
2012-05-14 23:21:40	Gold Bilgisayar IPhone Fiyat覺	Iphone 4s 16gb Siyah Cep Telefonu -	1891.33	TL	http//www.gold.com.tr/UrunResim/BuyukResim/1219782750957.jpg
2012-05-14 23:21:40	Istanbul Biliim IPhone Fiyat覺	Apple iPhone 4S  16GB (S幎AH)  Cep Telefonu	1794	TL	http//www.istanbulbilisim.com.tr/thumbnail2.php?id=30587&iw=500
2012-05-14 23:21:44	襤 Bankas覺 Alt覺n Fiyat覺	Alt覺n	90.89	TL	
2012-05-14 23:21:44	Garanti Bankas覺 Alt覺n Fiyat覺	Alt覺n	90.847	TL	
2012-05-14 23:21:44	Akbank Alt覺n Fiyat覺	Alt覺n	92.36749	TL	
2012-05-14 23:21:51	Vatan Bilgisayar IPhone Fiyat覺	APPLE iPHONE 4 8 GB CEP TELEFONU (S幎AH)	1888	TL	http//www.vatanbilgisayar.com/products_images/200x200/APPLE/v2-57826.jpg
2012-05-14 23:21:52	Gold Bilgisayar IPhone Fiyat覺	Iphone 4s 16gb Siyah Cep Telefonu -	1891.33	TL	http//www.gold.com.tr/UrunResim/BuyukResim/1219782750957.jpg
2012-05-14 23:21:53	Istanbul Biliim IPhone Fiyat覺	Apple iPhone 4S  16GB (S幎AH)  Cep Telefonu	1794	TL	http//www.istanbulbilisim.com.tr/thumbnail2.php?id=30587&iw=500
2012-05-14 23:21:56	襤 Bankas覺 Alt覺n Fiyat覺	Alt覺n	90.89	TL	
2012-05-14 23:21:56	Garanti Bankas覺 Alt覺n Fiyat覺	Alt覺n	90.847	TL	
2012-05-14 23:21:57	Akbank Alt覺n Fiyat覺	Alt覺n	92.36749	TL	
2012-05-14 23:21:57	Vatan Bilgisayar IPhone Fiyat覺	APPLE iPHONE 4 8 GB CEP TELEFONU (S幎AH)	1888	TL	http//www.vatanbilgisayar.com/products_images/200x200/APPLE/v2-57826.jpg
2012-05-14 23:21:58	Gold Bilgisayar IPhone Fiyat覺	Iphone 4s 16gb Siyah Cep Telefonu -	1891.33	TL	http//www.gold.com.tr/UrunResim/BuyukResim/1219782750957.jpg
2012-05-14 23:21:58	Istanbul Biliim IPhone Fiyat覺	Apple iPhone 4S  16GB (S幎AH)  Cep Telefonu	1794	TL	http//www.istanbulbilisim.com.tr/thumbnail2.php?id=30587&iw=500
2012-05-14 23:22:02	襤 Bankas覺 Alt覺n Fiyat覺	Alt覺n	90.89	TL	
2012-05-14 23:22:02	Garanti Bankas覺 Alt覺n Fiyat覺	Alt覺n	90.847	TL	
2012-05-14 23:22:02	Akbank Alt覺n Fiyat覺	Alt覺n	92.36749	TL	
2012-05-14 23:22:03	Vatan Bilgisayar IPhone Fiyat覺	APPLE iPHONE 4 8 GB CEP TELEFONU (S幎AH)	1888	TL	http//www.vatanbilgisayar.com/products_images/200x200/APPLE/v2-57826.jpg
2012-05-14 23:22:04	Gold Bilgisayar IPhone Fiyat覺	Iphone 4s 16gb Siyah Cep Telefonu -	1891.33	TL	http//www.gold.com.tr/UrunResim/BuyukResim/1219782750957.jpg
2012-05-14 23:22:05	Istanbul Biliim IPhone Fiyat覺	Apple iPhone 4S  16GB (S幎AH)  Cep Telefonu	1794	TL	http//www.istanbulbilisim.com.tr/thumbnail2.php?id=30587&iw=500
2012-05-14 23:22:08	襤 Bankas覺 Alt覺n Fiyat覺	Alt覺n	90.89	TL	
2012-05-14 23:22:08	Garanti Bankas覺 Alt覺n Fiyat覺	Alt覺n	90.847	TL	
2012-05-14 23:22:08	Akbank Alt覺n Fiyat覺	Alt覺n	92.36749	TL	
2012-05-14 23:22:11	Vatan Bilgisayar IPhone Fiyat覺	APPLE iPHONE 4 8 GB CEP TELEFONU (S幎AH)	1888	TL	http//www.vatanbilgisayar.com/products_images/200x200/APPLE/v2-57826.jpg
2012-05-14 23:22:11	Gold Bilgisayar IPhone Fiyat覺	Iphone 4s 16gb Siyah Cep Telefonu -	1891.33	TL	http//www.gold.com.tr/UrunResim/BuyukResim/1219782750957.jpg
2012-05-14 23:22:12	Istanbul Biliim IPhone Fiyat覺	Apple iPhone 4S  16GB (S幎AH)  Cep Telefonu	1794	TL	http//www.istanbulbilisim.com.tr/thumbnail2.php?id=30587&iw=500
2012-05-14 23:22:15	襤 Bankas覺 Alt覺n Fiyat覺	Alt覺n	90.89	TL	
2012-05-14 23:22:15	Garanti Bankas覺 Alt覺n Fiyat覺	Alt覺n	90.847	TL	
2012-05-14 23:22:16	Akbank Alt覺n Fiyat覺	Alt覺n	92.36749	TL	
2012-05-14 23:22:17	Vatan Bilgisayar IPhone Fiyat覺	APPLE iPHONE 4 8 GB CEP TELEFONU (S幎AH)	1888	TL	http//www.vatanbilgisayar.com/products_images/200x200/APPLE/v2-57826.jpg
2012-05-14 23:22:18	Gold Bilgisayar IPhone Fiyat覺	Iphone 4s 16gb Siyah Cep Telefonu -	1891.33	TL	http//www.gold.com.tr/UrunResim/BuyukResim/1219782750957.jpg
2012-05-14 23:22:18	Istanbul Biliim IPhone Fiyat覺	Apple iPhone 4S  16GB (S幎AH)  Cep Telefonu	1794	TL	http//www.istanbulbilisim.com.tr/thumbnail2.php?id=30587&iw=500
2012-05-14 23:22:21	襤 Bankas覺 Alt覺n Fiyat覺	Alt覺n	90.89	TL	
2012-05-14 23:22:21	Garanti Bankas覺 Alt覺n Fiyat覺	Alt覺n	90.847	TL	
2012-05-14 23:22:22	Akbank Alt覺n Fiyat覺	Alt覺n	92.36749	TL	
2012-05-14 23:22:22	Vatan Bilgisayar IPhone Fiyat覺	APPLE iPHONE 4 8 GB CEP TELEFONU (S幎AH)	1888	TL	http//www.vatanbilgisayar.com/products_images/200x200/APPLE/v2-57826.jpg
2012-05-14 23:22:23	Gold Bilgisayar IPhone Fiyat覺	Iphone 4s 16gb Siyah Cep Telefonu -	1891.33	TL	http//www.gold.com.tr/UrunResim/BuyukResim/1219782750957.jpg
2012-05-14 23:22:23	Istanbul Biliim IPhone Fiyat覺	Apple iPhone 4S  16GB (S幎AH)  Cep Telefonu	1794	TL	http//www.istanbulbilisim.com.tr/thumbnail2.php?id=30587&iw=500
2012-05-14 23:22:26	襤 Bankas覺 Alt覺n Fiyat覺	Alt覺n	90.89	TL	
2012-05-14 23:22:26	Garanti Bankas覺 Alt覺n Fiyat覺	Alt覺n	90.847	TL	
2012-05-14 23:22:27	Akbank Alt覺n Fiyat覺	Alt覺n	92.36749	TL	
2012-05-14 23:22:28	Vatan Bilgisayar IPhone Fiyat覺	APPLE iPHONE 4 8 GB CEP TELEFONU (S幎AH)	1888	TL	http//www.vatanbilgisayar.com/products_images/200x200/APPLE/v2-57826.jpg
2012-05-14 23:22:29	Gold Bilgisayar IPhone Fiyat覺	Iphone 4s 16gb Siyah Cep Telefonu -	1891.33	TL	http//www.gold.com.tr/UrunResim/BuyukResim/1219782750957.jpg
2012-05-14 23:22:30	Istanbul Biliim IPhone Fiyat覺	Apple iPhone 4S  16GB (S幎AH)  Cep Telefonu	1794	TL	http//www.istanbulbilisim.com.tr/thumbnail2.php?id=30587&iw=500
2012-05-14 23:22:33	襤 Bankas覺 Alt覺n Fiyat覺	Alt覺n	90.89	TL	
2012-05-14 23:22:33	Garanti Bankas覺 Alt覺n Fiyat覺	Alt覺n	90.847	TL	
2012-05-14 23:22:33	Akbank Alt覺n Fiyat覺	Alt覺n	92.36749	TL	
2012-05-14 23:22:35	Vatan Bilgisayar IPhone Fiyat覺	APPLE iPHONE 4 8 GB CEP TELEFONU (S幎AH)	1888	TL	http//www.vatanbilgisayar.com/products_images/200x200/APPLE/v2-57826.jpg
2012-05-14 23:22:35	Gold Bilgisayar IPhone Fiyat覺	Iphone 4s 16gb Siyah Cep Telefonu -	1891.33	TL	http//www.gold.com.tr/UrunResim/BuyukResim/1219782750957.jpg
2012-05-14 23:22:36	Istanbul Biliim IPhone Fiyat覺	Apple iPhone 4S  16GB (S幎AH)  Cep Telefonu	1794	TL	http//www.istanbulbilisim.com.tr/thumbnail2.php?id=30587&iw=500
2012-05-14 23:22:39	襤 Bankas覺 Alt覺n Fiyat覺	Alt覺n	90.89	TL	
2012-05-14 23:22:39	Garanti Bankas覺 Alt覺n Fiyat覺	Alt覺n	90.847	TL	
2012-05-14 23:22:40	Akbank Alt覺n Fiyat覺	Alt覺n	92.36749	TL	
2012-05-14 23:22:40	Vatan Bilgisayar IPhone Fiyat覺	APPLE iPHONE 4 8 GB CEP TELEFONU (S幎AH)	1888	TL	http//www.vatanbilgisayar.com/products_images/200x200/APPLE/v2-57826.jpg
2012-05-14 23:22:41	Gold Bilgisayar IPhone Fiyat覺	Iphone 4s 16gb Siyah Cep Telefonu -	1891.33	TL	http//www.gold.com.tr/UrunResim/BuyukResim/1219782750957.jpg
2012-05-14 23:22:42	Istanbul Biliim IPhone Fiyat覺	Apple iPhone 4S  16GB (S幎AH)  Cep Telefonu	1794	TL	http//www.istanbulbilisim.com.tr/thumbnail2.php?id=30587&iw=500
2012-05-14 23:22:45	襤 Bankas覺 Alt覺n Fiyat覺	Alt覺n	90.89	TL	
2012-05-14 23:22:45	Garanti Bankas覺 Alt覺n Fiyat覺	Alt覺n	90.847	TL	
2012-05-14 23:22:46	Akbank Alt覺n Fiyat覺	Alt覺n	92.36749	TL	
2012-05-14 23:22:49	Vatan Bilgisayar IPhone Fiyat覺	APPLE iPHONE 4 8 GB CEP TELEFONU (S幎AH)	1888	TL	http//www.vatanbilgisayar.com/products_images/200x200/APPLE/v2-57826.jpg
2012-05-14 23:22:49	Gold Bilgisayar IPhone Fiyat覺	Iphone 4s 16gb Siyah Cep Telefonu -	1891.33	TL	http//www.gold.com.tr/UrunResim/BuyukResim/1219782750957.jpg
2012-05-14 23:22:50	Istanbul Biliim IPhone Fiyat覺	Apple iPhone 4S  16GB (S幎AH)  Cep Telefonu	1794	TL	http//www.istanbulbilisim.com.tr/thumbnail2.php?id=30587&iw=500
2012-05-14 23:22:53	襤 Bankas覺 Alt覺n Fiyat覺	Alt覺n	90.89	TL	
2012-05-14 23:22:53	Garanti Bankas覺 Alt覺n Fiyat覺	Alt覺n	90.847	TL	
2012-05-14 23:22:57	Akbank Alt覺n Fiyat覺	Alt覺n	92.36749	TL	
2012-05-14 23:22:58	Vatan Bilgisayar IPhone Fiyat覺	APPLE iPHONE 4 8 GB CEP TELEFONU (S幎AH)	1888	TL	http//www.vatanbilgisayar.com/products_images/200x200/APPLE/v2-57826.jpg
2012-05-14 23:22:59	Gold Bilgisayar IPhone Fiyat覺	Iphone 4s 16gb Siyah Cep Telefonu -	1891.33	TL	http//www.gold.com.tr/UrunResim/BuyukResim/1219782750957.jpg
2012-05-14 23:23:00	Istanbul Biliim IPhone Fiyat覺	Apple iPhone 4S  16GB (S幎AH)  Cep Telefonu	1794	TL	http//www.istanbulbilisim.com.tr/thumbnail2.php?id=30587&iw=500
2012-05-14 23:23:03	襤 Bankas覺 Alt覺n Fiyat覺	Alt覺n	90.89	TL	
2012-05-14 23:23:03	Garanti Bankas覺 Alt覺n Fiyat覺	Alt覺n	90.847	TL	
2012-05-14 23:23:04	Akbank Alt覺n Fiyat覺	Alt覺n	92.36749	TL	
2012-05-14 23:23:07	Vatan Bilgisayar IPhone Fiyat覺	APPLE iPHONE 4 8 GB CEP TELEFONU (S幎AH)	1888	TL	http//www.vatanbilgisayar.com/products_images/200x200/APPLE/v2-57826.jpg
2012-05-14 23:23:08	Gold Bilgisayar IPhone Fiyat覺	Iphone 4s 16gb Siyah Cep Telefonu -	1891.33	TL	http//www.gold.com.tr/UrunResim/BuyukResim/1219782750957.jpg
2012-05-14 23:23:09	Istanbul Biliim IPhone Fiyat覺	Apple iPhone 4S  16GB (S幎AH)  Cep Telefonu	1794	TL	http//www.istanbulbilisim.com.tr/thumbnail2.php?id=30587&iw=500
2012-05-14 23:23:12	襤 Bankas覺 Alt覺n Fiyat覺	Alt覺n	90.89	TL	
2012-05-14 23:23:12	Garanti Bankas覺 Alt覺n Fiyat覺	Alt覺n	90.847	TL	
2012-05-14 23:23:13	Akbank Alt覺n Fiyat覺	Alt覺n	92.36749	TL	
2012-05-14 23:23:15	Vatan Bilgisayar IPhone Fiyat覺	APPLE iPHONE 4 8 GB CEP TELEFONU (S幎AH)	1888	TL	http//www.vatanbilgisayar.com/products_images/200x200/APPLE/v2-57826.jpg
2012-05-14 23:23:19	Gold Bilgisayar IPhone Fiyat覺	Iphone 4s 16gb Siyah Cep Telefonu -	1891.33	TL	http//www.gold.com.tr/UrunResim/BuyukResim/1219782750957.jpg
2012-05-14 23:23:20	Istanbul Biliim IPhone Fiyat覺	Apple iPhone 4S  16GB (S幎AH)  Cep Telefonu	1794	TL	http//www.istanbulbilisim.com.tr/thumbnail2.php?id=30587&iw=500
2012-05-14 23:23:23	襤 Bankas覺 Alt覺n Fiyat覺	Alt覺n	90.89	TL	
2012-05-14 23:23:23	Garanti Bankas覺 Alt覺n Fiyat覺	Alt覺n	90.847	TL	
2012-05-14 23:23:24	Akbank Alt覺n Fiyat覺	Alt覺n	92.36749	TL	
2012-05-14 23:23:24	Vatan Bilgisayar IPhone Fiyat覺	APPLE iPHONE 4 8 GB CEP TELEFONU (S幎AH)	1888	TL	http//www.vatanbilgisayar.com/products_images/200x200/APPLE/v2-57826.jpg
2012-05-14 23:23:25	Gold Bilgisayar IPhone Fiyat覺	Iphone 4s 16gb Siyah Cep Telefonu -	1891.33	TL	http//www.gold.com.tr/UrunResim/BuyukResim/1219782750957.jpg
2012-05-14 23:23:25	Istanbul Biliim IPhone Fiyat覺	Apple iPhone 4S  16GB (S幎AH)  Cep Telefonu	1794	TL	http//www.istanbulbilisim.com.tr/thumbnail2.php?id=30587&iw=500
2012-05-14 23:23:30	襤 Bankas覺 Alt覺n Fiyat覺	Alt覺n	90.89	TL	
2012-05-14 23:23:35	Garanti Bankas覺 Alt覺n Fiyat覺	Alt覺n	90.847	TL	
2012-05-14 23:23:35	Akbank Alt覺n Fiyat覺	Alt覺n	92.36749	TL	
2012-05-14 23:23:36	Vatan Bilgisayar IPhone Fiyat覺	APPLE iPHONE 4 8 GB CEP TELEFONU (S幎AH)	1888	TL	http//www.vatanbilgisayar.com/products_images/200x200/APPLE/v2-57826.jpg
2012-05-14 23:23:37	Gold Bilgisayar IPhone Fiyat覺	Iphone 4s 16gb Siyah Cep Telefonu -	1891.33	TL	http//www.gold.com.tr/UrunResim/BuyukResim/1219782750957.jpg
2012-05-14 23:23:38	Istanbul Biliim IPhone Fiyat覺	Apple iPhone 4S  16GB (S幎AH)  Cep Telefonu	1794	TL	http//www.istanbulbilisim.com.tr/thumbnail2.php?id=30587&iw=500
2012-05-14 23:23:41	襤 Bankas覺 Alt覺n Fiyat覺	Alt覺n	90.89	TL	
2012-05-14 23:23:41	Garanti Bankas覺 Alt覺n Fiyat覺	Alt覺n	90.847	TL	
2012-05-14 23:23:41	Akbank Alt覺n Fiyat覺	Alt覺n	92.36749	TL	
2012-05-14 23:23:42	Vatan Bilgisayar IPhone Fiyat覺	APPLE iPHONE 4 8 GB CEP TELEFONU (S幎AH)	1888	TL	http//www.vatanbilgisayar.com/products_images/200x200/APPLE/v2-57826.jpg
2012-05-14 23:23:46	Gold Bilgisayar IPhone Fiyat覺	Iphone 4s 16gb Siyah Cep Telefonu -	1891.33	TL	http//www.gold.com.tr/UrunResim/BuyukResim/1219782750957.jpg
2012-05-14 23:23:46	Istanbul Biliim IPhone Fiyat覺	Apple iPhone 4S  16GB (S幎AH)  Cep Telefonu	1794	TL	http//www.istanbulbilisim.com.tr/thumbnail2.php?id=30587&iw=500
2012-05-14 23:23:49	襤 Bankas覺 Alt覺n Fiyat覺	Alt覺n	90.89	TL	
2012-05-14 23:23:49	Garanti Bankas覺 Alt覺n Fiyat覺	Alt覺n	90.847	TL	
2012-05-14 23:23:53	Akbank Alt覺n Fiyat覺	Alt覺n	92.36749	TL	
2012-05-14 23:23:53	Vatan Bilgisayar IPhone Fiyat覺	APPLE iPHONE 4 8 GB CEP TELEFONU (S幎AH)	1888	TL	http//www.vatanbilgisayar.com/products_images/200x200/APPLE/v2-57826.jpg
2012-05-14 23:23:54	Gold Bilgisayar IPhone Fiyat覺	Iphone 4s 16gb Siyah Cep Telefonu -	1891.33	TL	http//www.gold.com.tr/UrunResim/BuyukResim/1219782750957.jpg
2012-05-14 23:23:54	Istanbul Biliim IPhone Fiyat覺	Apple iPhone 4S  16GB (S幎AH)  Cep Telefonu	1794	TL	http//www.istanbulbilisim.com.tr/thumbnail2.php?id=30587&iw=500
2012-05-14 23:23:58	襤 Bankas覺 Alt覺n Fiyat覺	Alt覺n	90.89	TL	
2012-05-14 23:23:58	Garanti Bankas覺 Alt覺n Fiyat覺	Alt覺n	90.847	TL	
2012-05-14 23:23:58	Akbank Alt覺n Fiyat覺	Alt覺n	92.36749	TL	
2012-05-14 23:23:59	Vatan Bilgisayar IPhone Fiyat覺	APPLE iPHONE 4 8 GB CEP TELEFONU (S幎AH)	1888	TL	http//www.vatanbilgisayar.com/products_images/200x200/APPLE/v2-57826.jpg
2012-05-14 23:24:00	Gold Bilgisayar IPhone Fiyat覺	Iphone 4s 16gb Siyah Cep Telefonu -	1891.33	TL	http//www.gold.com.tr/UrunResim/BuyukResim/1219782750957.jpg
2012-05-14 23:24:00	Istanbul Biliim IPhone Fiyat覺	Apple iPhone 4S  16GB (S幎AH)  Cep Telefonu	1794	TL	http//www.istanbulbilisim.com.tr/thumbnail2.php?id=30587&iw=500
2012-05-14 23:24:04	襤 Bankas覺 Alt覺n Fiyat覺	Alt覺n	90.89	TL	
2012-05-14 23:24:04	Garanti Bankas覺 Alt覺n Fiyat覺	Alt覺n	90.847	TL	
2012-05-14 23:24:04	Akbank Alt覺n Fiyat覺	Alt覺n	92.36749	TL	
2012-05-14 23:24:05	Vatan Bilgisayar IPhone Fiyat覺	APPLE iPHONE 4 8 GB CEP TELEFONU (S幎AH)	1888	TL	http//www.vatanbilgisayar.com/products_images/200x200/APPLE/v2-57826.jpg
2012-05-14 23:24:11	Gold Bilgisayar IPhone Fiyat覺	Iphone 4s 16gb Siyah Cep Telefonu -	1891.33	TL	http//www.gold.com.tr/UrunResim/BuyukResim/1219782750957.jpg
2012-05-14 23:24:11	Istanbul Biliim IPhone Fiyat覺	Apple iPhone 4S  16GB (S幎AH)  Cep Telefonu	1794	TL	http//www.istanbulbilisim.com.tr/thumbnail2.php?id=30587&iw=500
2012-05-14 23:24:14	襤 Bankas覺 Alt覺n Fiyat覺	Alt覺n	90.89	TL	
2012-05-14 23:24:14	Garanti Bankas覺 Alt覺n Fiyat覺	Alt覺n	90.847	TL	
2012-05-14 23:24:16	Akbank Alt覺n Fiyat覺	Alt覺n	92.36749	TL	
2012-05-14 23:24:17	Vatan Bilgisayar IPhone Fiyat覺	APPLE iPHONE 4 8 GB CEP TELEFONU (S幎AH)	1888	TL	http//www.vatanbilgisayar.com/products_images/200x200/APPLE/v2-57826.jpg
2012-05-14 23:24:18	Gold Bilgisayar IPhone Fiyat覺	Iphone 4s 16gb Siyah Cep Telefonu -	1891.33	TL	http//www.gold.com.tr/UrunResim/BuyukResim/1219782750957.jpg
2012-05-14 23:24:19	Istanbul Biliim IPhone Fiyat覺	Apple iPhone 4S  16GB (S幎AH)  Cep Telefonu	1794	TL	http//www.istanbulbilisim.com.tr/thumbnail2.php?id=30587&iw=500
2012-05-14 23:24:22	襤 Bankas覺 Alt覺n Fiyat覺	Alt覺n	90.89	TL	
2012-05-14 23:24:22	Garanti Bankas覺 Alt覺n Fiyat覺	Alt覺n	90.847	TL	
2012-05-14 23:24:23	Akbank Alt覺n Fiyat覺	Alt覺n	92.36749	TL	
2012-05-14 23:24:23	Vatan Bilgisayar IPhone Fiyat覺	APPLE iPHONE 4 8 GB CEP TELEFONU (S幎AH)	1888	TL	http//www.vatanbilgisayar.com/products_images/200x200/APPLE/v2-57826.jpg
2012-05-14 23:24:24	Gold Bilgisayar IPhone Fiyat覺	Iphone 4s 16gb Siyah Cep Telefonu -	1891.33	TL	http//www.gold.com.tr/UrunResim/BuyukResim/1219782750957.jpg
2012-05-14 23:24:25	Istanbul Biliim IPhone Fiyat覺	Apple iPhone 4S  16GB (S幎AH)  Cep Telefonu	1794	TL	http//www.istanbulbilisim.com.tr/thumbnail2.php?id=30587&iw=500
2012-05-14 23:24:31	襤 Bankas覺 Alt覺n Fiyat覺	Alt覺n	90.89	TL	
2012-05-14 23:24:31	Garanti Bankas覺 Alt覺n Fiyat覺	Alt覺n	90.847	TL	
2012-05-14 23:24:39	Akbank Alt覺n Fiyat覺	Alt覺n	92.36749	TL	
2012-05-14 23:24:40	Vatan Bilgisayar IPhone Fiyat覺	APPLE iPHONE 4 8 GB CEP TELEFONU (S幎AH)	1888	TL	http//www.vatanbilgisayar.com/products_images/200x200/APPLE/v2-57826.jpg
2012-05-14 23:24:41	Gold Bilgisayar IPhone Fiyat覺	Iphone 4s 16gb Siyah Cep Telefonu -	1891.33	TL	http//www.gold.com.tr/UrunResim/BuyukResim/1219782750957.jpg
2012-05-14 23:24:42	Istanbul Biliim IPhone Fiyat覺	Apple iPhone 4S  16GB (S幎AH)  Cep Telefonu	1794	TL	http//www.istanbulbilisim.com.tr/thumbnail2.php?id=30587&iw=500
2012-05-14 23:24:45	襤 Bankas覺 Alt覺n Fiyat覺	Alt覺n	90.89	TL	
2012-05-14 23:24:45	Garanti Bankas覺 Alt覺n Fiyat覺	Alt覺n	90.847	TL	
2012-05-14 23:24:46	Akbank Alt覺n Fiyat覺	Alt覺n	92.36749	TL	
2012-05-14 23:24:47	Vatan Bilgisayar IPhone Fiyat覺	APPLE iPHONE 4 8 GB CEP TELEFONU (S幎AH)	1888	TL	http//www.vatanbilgisayar.com/products_images/200x200/APPLE/v2-57826.jpg
2012-05-14 23:24:47	Gold Bilgisayar IPhone Fiyat覺	Iphone 4s 16gb Siyah Cep Telefonu -	1891.33	TL	http//www.gold.com.tr/UrunResim/BuyukResim/1219782750957.jpg
2012-05-14 23:24:47	Istanbul Biliim IPhone Fiyat覺	Apple iPhone 4S  16GB (S幎AH)  Cep Telefonu	1794	TL	http//www.istanbulbilisim.com.tr/thumbnail2.php?id=30587&iw=500
2012-05-14 23:24:51	襤 Bankas覺 Alt覺n Fiyat覺	Alt覺n	90.89	TL	
2012-05-14 23:24:51	Garanti Bankas覺 Alt覺n Fiyat覺	Alt覺n	90.847	TL	
2012-05-14 23:24:51	Akbank Alt覺n Fiyat覺	Alt覺n	92.36749	TL	
2012-05-14 23:24:52	Vatan Bilgisayar IPhone Fiyat覺	APPLE iPHONE 4 8 GB CEP TELEFONU (S幎AH)	1888	TL	http//www.vatanbilgisayar.com/products_images/200x200/APPLE/v2-57826.jpg
2012-05-14 23:24:53	Gold Bilgisayar IPhone Fiyat覺	Iphone 4s 16gb Siyah Cep Telefonu -	1891.33	TL	http//www.gold.com.tr/UrunResim/BuyukResim/1219782750957.jpg
2012-05-14 23:24:54	Istanbul Biliim IPhone Fiyat覺	Apple iPhone 4S  16GB (S幎AH)  Cep Telefonu	1794	TL	http//www.istanbulbilisim.com.tr/thumbnail2.php?id=30587&iw=500
2012-05-14 23:24:57	襤 Bankas覺 Alt覺n Fiyat覺	Alt覺n	90.89	TL	
2012-05-14 23:24:57	Garanti Bankas覺 Alt覺n Fiyat覺	Alt覺n	90.847	TL	
2012-05-14 23:24:57	Akbank Alt覺n Fiyat覺	Alt覺n	92.36749	TL	
2012-05-14 23:24:58	Vatan Bilgisayar IPhone Fiyat覺	APPLE iPHONE 4 8 GB CEP TELEFONU (S幎AH)	1888	TL	http//www.vatanbilgisayar.com/products_images/200x200/APPLE/v2-57826.jpg
2012-05-14 23:24:59	Gold Bilgisayar IPhone Fiyat覺	Iphone 4s 16gb Siyah Cep Telefonu -	1891.33	TL	http//www.gold.com.tr/UrunResim/BuyukResim/1219782750957.jpg
2012-05-14 23:25:00	Istanbul Biliim IPhone Fiyat覺	Apple iPhone 4S  16GB (S幎AH)  Cep Telefonu	1794	TL	http//www.istanbulbilisim.com.tr/thumbnail2.php?id=30587&iw=500
2012-05-14 23:25:03	襤 Bankas覺 Alt覺n Fiyat覺	Alt覺n	90.89	TL	
2012-05-14 23:25:03	Garanti Bankas覺 Alt覺n Fiyat覺	Alt覺n	90.847	TL	
2012-05-14 23:25:03	Akbank Alt覺n Fiyat覺	Alt覺n	92.36749	TL	
2012-05-14 23:25:04	Vatan Bilgisayar IPhone Fiyat覺	APPLE iPHONE 4 8 GB CEP TELEFONU (S幎AH)	1888	TL	http//www.vatanbilgisayar.com/products_images/200x200/APPLE/v2-57826.jpg
2012-05-14 23:25:05	Gold Bilgisayar IPhone Fiyat覺	Iphone 4s 16gb Siyah Cep Telefonu -	1891.33	TL	http//www.gold.com.tr/UrunResim/BuyukResim/1219782750957.jpg
2012-05-14 23:25:08	Istanbul Biliim IPhone Fiyat覺	Apple iPhone 4S  16GB (S幎AH)  Cep Telefonu	1794	TL	http//www.istanbulbilisim.com.tr/thumbnail2.php?id=30587&iw=500
2012-05-14 23:25:11	襤 Bankas覺 Alt覺n Fiyat覺	Alt覺n	90.89	TL	
2012-05-14 23:25:11	Garanti Bankas覺 Alt覺n Fiyat覺	Alt覺n	90.847	TL	
2012-05-14 23:25:11	Akbank Alt覺n Fiyat覺	Alt覺n	92.36749	TL	
2012-05-14 23:25:12	Vatan Bilgisayar IPhone Fiyat覺	APPLE iPHONE 4 8 GB CEP TELEFONU (S幎AH)	1888	TL	http//www.vatanbilgisayar.com/products_images/200x200/APPLE/v2-57826.jpg
2012-05-14 23:25:12	Gold Bilgisayar IPhone Fiyat覺	Iphone 4s 16gb Siyah Cep Telefonu -	1891.33	TL	http//www.gold.com.tr/UrunResim/BuyukResim/1219782750957.jpg
2012-05-14 23:25:13	Istanbul Biliim IPhone Fiyat覺	Apple iPhone 4S  16GB (S幎AH)  Cep Telefonu	1794	TL	http//www.istanbulbilisim.com.tr/thumbnail2.php?id=30587&iw=500
2012-05-14 23:25:17	襤 Bankas覺 Alt覺n Fiyat覺	Alt覺n	90.89	TL	
2012-05-14 23:25:17	Garanti Bankas覺 Alt覺n Fiyat覺	Alt覺n	90.847	TL	
2012-05-14 23:25:17	Akbank Alt覺n Fiyat覺	Alt覺n	92.36749	TL	
2012-05-14 23:25:19	Vatan Bilgisayar IPhone Fiyat覺	APPLE iPHONE 4 8 GB CEP TELEFONU (S幎AH)	1888	TL	http//www.vatanbilgisayar.com/products_images/200x200/APPLE/v2-57826.jpg
2012-05-14 23:25:20	Gold Bilgisayar IPhone Fiyat覺	Iphone 4s 16gb Siyah Cep Telefonu -	1891.33	TL	http//www.gold.com.tr/UrunResim/BuyukResim/1219782750957.jpg
2012-05-14 23:25:21	Istanbul Biliim IPhone Fiyat覺	Apple iPhone 4S  16GB (S幎AH)  Cep Telefonu	1794	TL	http//www.istanbulbilisim.com.tr/thumbnail2.php?id=30587&iw=500
2012-05-14 23:25:24	襤 Bankas覺 Alt覺n Fiyat覺	Alt覺n	90.89	TL	
2012-05-14 23:25:24	Garanti Bankas覺 Alt覺n Fiyat覺	Alt覺n	90.847	TL	
2012-05-14 23:25:24	Akbank Alt覺n Fiyat覺	Alt覺n	92.36749	TL	
2012-05-14 23:25:25	Vatan Bilgisayar IPhone Fiyat覺	APPLE iPHONE 4 8 GB CEP TELEFONU (S幎AH)	1888	TL	http//www.vatanbilgisayar.com/products_images/200x200/APPLE/v2-57826.jpg
2012-05-14 23:25:26	Gold Bilgisayar IPhone Fiyat覺	Iphone 4s 16gb Siyah Cep Telefonu -	1891.33	TL	http//www.gold.com.tr/UrunResim/BuyukResim/1219782750957.jpg
2012-05-14 23:25:27	Istanbul Biliim IPhone Fiyat覺	Apple iPhone 4S  16GB (S幎AH)  Cep Telefonu	1794	TL	http//www.istanbulbilisim.com.tr/thumbnail2.php?id=30587&iw=500
2012-05-14 23:25:30	襤 Bankas覺 Alt覺n Fiyat覺	Alt覺n	90.89	TL	
2012-05-14 23:25:30	Garanti Bankas覺 Alt覺n Fiyat覺	Alt覺n	90.847	TL	
2012-05-14 23:25:31	Akbank Alt覺n Fiyat覺	Alt覺n	92.36749	TL	
2012-05-14 23:25:31	Vatan Bilgisayar IPhone Fiyat覺	APPLE iPHONE 4 8 GB CEP TELEFONU (S幎AH)	1888	TL	http//www.vatanbilgisayar.com/products_images/200x200/APPLE/v2-57826.jpg
2012-05-14 23:25:32	Gold Bilgisayar IPhone Fiyat覺	Iphone 4s 16gb Siyah Cep Telefonu -	1891.33	TL	http//www.gold.com.tr/UrunResim/BuyukResim/1219782750957.jpg
2012-05-14 23:25:33	Istanbul Biliim IPhone Fiyat覺	Apple iPhone 4S  16GB (S幎AH)  Cep Telefonu	1794	TL	http//www.istanbulbilisim.com.tr/thumbnail2.php?id=30587&iw=500
2012-05-14 23:25:36	襤 Bankas覺 Alt覺n Fiyat覺	Alt覺n	90.89	TL	
2012-05-14 23:25:36	Garanti Bankas覺 Alt覺n Fiyat覺	Alt覺n	90.847	TL	
2012-05-14 23:25:36	Akbank Alt覺n Fiyat覺	Alt覺n	92.36749	TL	
2012-05-14 23:25:37	Vatan Bilgisayar IPhone Fiyat覺	APPLE iPHONE 4 8 GB CEP TELEFONU (S幎AH)	1888	TL	http//www.vatanbilgisayar.com/products_images/200x200/APPLE/v2-57826.jpg
2012-05-14 23:25:38	Gold Bilgisayar IPhone Fiyat覺	Iphone 4s 16gb Siyah Cep Telefonu -	1891.33	TL	http//www.gold.com.tr/UrunResim/BuyukResim/1219782750957.jpg
2012-05-14 23:25:39	Istanbul Biliim IPhone Fiyat覺	Apple iPhone 4S  16GB (S幎AH)  Cep Telefonu	1794	TL	http//www.istanbulbilisim.com.tr/thumbnail2.php?id=30587&iw=500
2012-05-14 23:25:42	襤 Bankas覺 Alt覺n Fiyat覺	Alt覺n	90.89	TL	
2012-05-14 23:25:42	Garanti Bankas覺 Alt覺n Fiyat覺	Alt覺n	90.847	TL	
2012-05-14 23:25:43	Akbank Alt覺n Fiyat覺	Alt覺n	92.36749	TL	
2012-05-14 23:25:43	Vatan Bilgisayar IPhone Fiyat覺	APPLE iPHONE 4 8 GB CEP TELEFONU (S幎AH)	1888	TL	http//www.vatanbilgisayar.com/products_images/200x200/APPLE/v2-57826.jpg
2012-05-14 23:25:44	Gold Bilgisayar IPhone Fiyat覺	Iphone 4s 16gb Siyah Cep Telefonu -	1891.33	TL	http//www.gold.com.tr/UrunResim/BuyukResim/1219782750957.jpg
2012-05-14 23:25:44	Istanbul Biliim IPhone Fiyat覺	Apple iPhone 4S  16GB (S幎AH)  Cep Telefonu	1794	TL	http//www.istanbulbilisim.com.tr/thumbnail2.php?id=30587&iw=500
2012-05-14 23:25:48	襤 Bankas覺 Alt覺n Fiyat覺	Alt覺n	90.89	TL	
2012-05-14 23:25:48	Garanti Bankas覺 Alt覺n Fiyat覺	Alt覺n	90.847	TL	
2012-05-14 23:25:48	Akbank Alt覺n Fiyat覺	Alt覺n	92.36749	TL	
2012-05-14 23:25:49	Vatan Bilgisayar IPhone Fiyat覺	APPLE iPHONE 4 8 GB CEP TELEFONU (S幎AH)	1888	TL	http//www.vatanbilgisayar.com/products_images/200x200/APPLE/v2-57826.jpg
2012-05-14 23:25:49	Gold Bilgisayar IPhone Fiyat覺	Iphone 4s 16gb Siyah Cep Telefonu -	1891.33	TL	http//www.gold.com.tr/UrunResim/BuyukResim/1219782750957.jpg
2012-05-14 23:25:50	Istanbul Biliim IPhone Fiyat覺	Apple iPhone 4S  16GB (S幎AH)  Cep Telefonu	1794	TL	http//www.istanbulbilisim.com.tr/thumbnail2.php?id=30587&iw=500
2012-05-14 23:25:53	襤 Bankas覺 Alt覺n Fiyat覺	Alt覺n	90.89	TL	
2012-05-14 23:25:53	Garanti Bankas覺 Alt覺n Fiyat覺	Alt覺n	90.847	TL	
2012-05-14 23:25:54	Akbank Alt覺n Fiyat覺	Alt覺n	92.36749	TL	
2012-05-14 23:25:55	Vatan Bilgisayar IPhone Fiyat覺	APPLE iPHONE 4 8 GB CEP TELEFONU (S幎AH)	1888	TL	http//www.vatanbilgisayar.com/products_images/200x200/APPLE/v2-57826.jpg
2012-05-14 23:25:55	Gold Bilgisayar IPhone Fiyat覺	Iphone 4s 16gb Siyah Cep Telefonu -	1891.33	TL	http//www.gold.com.tr/UrunResim/BuyukResim/1219782750957.jpg
2012-05-14 23:25:56	Istanbul Biliim IPhone Fiyat覺	Apple iPhone 4S  16GB (S幎AH)  Cep Telefonu	1794	TL	http//www.istanbulbilisim.com.tr/thumbnail2.php?id=30587&iw=500
2012-05-14 23:25:59	襤 Bankas覺 Alt覺n Fiyat覺	Alt覺n	90.89	TL	
2012-05-14 23:25:59	Garanti Bankas覺 Alt覺n Fiyat覺	Alt覺n	90.847	TL	
2012-05-14 23:25:59	Akbank Alt覺n Fiyat覺	Alt覺n	92.36749	TL	
2012-05-14 23:26:01	Vatan Bilgisayar IPhone Fiyat覺	APPLE iPHONE 4 8 GB CEP TELEFONU (S幎AH)	1888	TL	http//www.vatanbilgisayar.com/products_images/200x200/APPLE/v2-57826.jpg
2012-05-14 23:26:02	Gold Bilgisayar IPhone Fiyat覺	Iphone 4s 16gb Siyah Cep Telefonu -	1891.33	TL	http//www.gold.com.tr/UrunResim/BuyukResim/1219782750957.jpg
2012-05-14 23:26:02	Istanbul Biliim IPhone Fiyat覺	Apple iPhone 4S  16GB (S幎AH)  Cep Telefonu	1794	TL	http//www.istanbulbilisim.com.tr/thumbnail2.php?id=30587&iw=500
2012-05-14 23:26:06	襤 Bankas覺 Alt覺n Fiyat覺	Alt覺n	90.89	TL	
2012-05-14 23:26:06	Garanti Bankas覺 Alt覺n Fiyat覺	Alt覺n	90.847	TL	
2012-05-14 23:26:06	Akbank Alt覺n Fiyat覺	Alt覺n	92.36749	TL	
2012-05-14 23:26:07	Vatan Bilgisayar IPhone Fiyat覺	APPLE iPHONE 4 8 GB CEP TELEFONU (S幎AH)	1888	TL	http//www.vatanbilgisayar.com/products_images/200x200/APPLE/v2-57826.jpg
2012-05-14 23:26:07	Gold Bilgisayar IPhone Fiyat覺	Iphone 4s 16gb Siyah Cep Telefonu -	1891.33	TL	http//www.gold.com.tr/UrunResim/BuyukResim/1219782750957.jpg
2012-05-14 23:26:08	Istanbul Biliim IPhone Fiyat覺	Apple iPhone 4S  16GB (S幎AH)  Cep Telefonu	1794	TL	http//www.istanbulbilisim.com.tr/thumbnail2.php?id=30587&iw=500
2012-05-14 23:26:08	Istanbul Biliim IPhone Fiyat覺		0		http//www.teknosa.com/
2012-05-14 23:26:11	襤 Bankas覺 Alt覺n Fiyat覺	Alt覺n	90.89	TL	
2012-05-14 23:26:11	Garanti Bankas覺 Alt覺n Fiyat覺	Alt覺n	90.847	TL	
2012-05-14 23:26:12	Akbank Alt覺n Fiyat覺	Alt覺n	92.36749	TL	
2012-05-14 23:26:15	Vatan Bilgisayar IPhone Fiyat覺	APPLE iPHONE 4 8 GB CEP TELEFONU (S幎AH)	1888	TL	http//www.vatanbilgisayar.com/products_images/200x200/APPLE/v2-57826.jpg
2012-05-14 23:26:16	Gold Bilgisayar IPhone Fiyat覺	Iphone 4s 16gb Siyah Cep Telefonu -	1891.33	TL	http//www.gold.com.tr/UrunResim/BuyukResim/1219782750957.jpg
2012-05-14 23:26:17	Istanbul Biliim IPhone Fiyat覺	Apple iPhone 4S  16GB (S幎AH)  Cep Telefonu	1794	TL	http//www.istanbulbilisim.com.tr/thumbnail2.php?id=30587&iw=500
2012-05-14 23:26:17	Istanbul Biliim IPhone Fiyat覺		0		http//www.teknosa.com/
2012-05-14 23:26:20	襤 Bankas覺 Alt覺n Fiyat覺	Alt覺n	90.89	TL	
2012-05-14 23:26:20	Garanti Bankas覺 Alt覺n Fiyat覺	Alt覺n	90.847	TL	
2012-05-14 23:26:21	Akbank Alt覺n Fiyat覺	Alt覺n	92.36749	TL	
2012-05-14 23:26:21	Vatan Bilgisayar IPhone Fiyat覺	APPLE iPHONE 4 8 GB CEP TELEFONU (S幎AH)	1888	TL	http//www.vatanbilgisayar.com/products_images/200x200/APPLE/v2-57826.jpg
2012-05-14 23:26:22	Gold Bilgisayar IPhone Fiyat覺	Iphone 4s 16gb Siyah Cep Telefonu -	1891.33	TL	http//www.gold.com.tr/UrunResim/BuyukResim/1219782750957.jpg
2012-05-14 23:26:23	Istanbul Biliim IPhone Fiyat覺	Apple iPhone 4S  16GB (S幎AH)  Cep Telefonu	1794	TL	http//www.istanbulbilisim.com.tr/thumbnail2.php?id=30587&iw=500
2012-05-14 23:26:23	Istanbul Biliim IPhone Fiyat覺		0		http//www.teknosa.com/
2012-05-14 23:26:26	襤 Bankas覺 Alt覺n Fiyat覺	Alt覺n	90.89	TL	
2012-05-14 23:26:26	Garanti Bankas覺 Alt覺n Fiyat覺	Alt覺n	90.847	TL	
2012-05-14 23:26:27	Akbank Alt覺n Fiyat覺	Alt覺n	92.36749	TL	
2012-05-14 23:26:27	Vatan Bilgisayar IPhone Fiyat覺	APPLE iPHONE 4 8 GB CEP TELEFONU (S幎AH)	1888	TL	http//www.vatanbilgisayar.com/products_images/200x200/APPLE/v2-57826.jpg
2012-05-14 23:26:28	Gold Bilgisayar IPhone Fiyat覺	Iphone 4s 16gb Siyah Cep Telefonu -	1891.33	TL	http//www.gold.com.tr/UrunResim/BuyukResim/1219782750957.jpg
2012-05-14 23:26:28	Istanbul Biliim IPhone Fiyat覺	Apple iPhone 4S  16GB (S幎AH)  Cep Telefonu	1794	TL	http//www.istanbulbilisim.com.tr/thumbnail2.php?id=30587&iw=500
2012-05-14 23:26:29	Istanbul Biliim IPhone Fiyat覺		0		http//www.teknosa.com/
2012-05-14 23:26:32	襤 Bankas覺 Alt覺n Fiyat覺	Alt覺n	90.89	TL	
2012-05-14 23:26:32	Garanti Bankas覺 Alt覺n Fiyat覺	Alt覺n	90.847	TL	
2012-05-14 23:26:32	Akbank Alt覺n Fiyat覺	Alt覺n	92.36749	TL	
2012-05-14 23:26:33	Vatan Bilgisayar IPhone Fiyat覺	APPLE iPHONE 4 8 GB CEP TELEFONU (S幎AH)	1888	TL	http//www.vatanbilgisayar.com/products_images/200x200/APPLE/v2-57826.jpg
2012-05-14 23:26:34	Gold Bilgisayar IPhone Fiyat覺	Iphone 4s 16gb Siyah Cep Telefonu -	1891.33	TL	http//www.gold.com.tr/UrunResim/BuyukResim/1219782750957.jpg
2012-05-14 23:26:35	Istanbul Biliim IPhone Fiyat覺	Apple iPhone 4S  16GB (S幎AH)  Cep Telefonu	1794	TL	http//www.istanbulbilisim.com.tr/thumbnail2.php?id=30587&iw=500
2012-05-14 23:26:35	Teknosa Samsung Televizyon Fiyat覺	SAMSUNG 40D5500 FHD LED LCD TV	1649	TL	http://img.teknosa.com:80/TeknosaImg/products/1024x783/110012195_1.jpg
2012-05-14 23:26:38	襤 Bankas覺 Alt覺n Fiyat覺	Alt覺n	90.89	TL	
2012-05-14 23:26:38	Garanti Bankas覺 Alt覺n Fiyat覺	Alt覺n	90.847	TL	
2012-05-14 23:26:38	Akbank Alt覺n Fiyat覺	Alt覺n	92.36749	TL	
2012-05-14 23:26:39	Vatan Bilgisayar IPhone Fiyat覺	APPLE iPHONE 4 8 GB CEP TELEFONU (S幎AH)	1888	TL	http//www.vatanbilgisayar.com/products_images/200x200/APPLE/v2-57826.jpg
2012-05-14 23:26:40	Gold Bilgisayar IPhone Fiyat覺	Iphone 4s 16gb Siyah Cep Telefonu -	1891.33	TL	http//www.gold.com.tr/UrunResim/BuyukResim/1219782750957.jpg
2012-05-14 23:26:41	Istanbul Biliim IPhone Fiyat覺	Apple iPhone 4S  16GB (S幎AH)  Cep Telefonu	1794	TL	http//www.istanbulbilisim.com.tr/thumbnail2.php?id=30587&iw=500
2012-05-14 23:26:41	Teknosa Samsung Televizyon Fiyat覺	SAMSUNG 40D5500 FHD LED LCD TV	1649	TL	http://img.teknosa.com:80/TeknosaImg/products/1024x783/110012195_1.jpg
2012-05-14 23:26:44	襤 Bankas覺 Alt覺n Fiyat覺	Alt覺n	90.89	TL	
2012-05-14 23:26:44	Garanti Bankas覺 Alt覺n Fiyat覺	Alt覺n	90.847	TL	
2012-05-14 23:26:45	Akbank Alt覺n Fiyat覺	Alt覺n	92.36749	TL	
2012-05-14 23:26:45	Vatan Bilgisayar IPhone Fiyat覺	APPLE iPHONE 4 8 GB CEP TELEFONU (S幎AH)	1888	TL	http//www.vatanbilgisayar.com/products_images/200x200/APPLE/v2-57826.jpg
2012-05-14 23:26:47	Gold Bilgisayar IPhone Fiyat覺	Iphone 4s 16gb Siyah Cep Telefonu -	1891.33	TL	http//www.gold.com.tr/UrunResim/BuyukResim/1219782750957.jpg
2012-05-14 23:26:48	Istanbul Biliim IPhone Fiyat覺	Apple iPhone 4S  16GB (S幎AH)  Cep Telefonu	1794	TL	http//www.istanbulbilisim.com.tr/thumbnail2.php?id=30587&iw=500
2012-05-14 23:26:48	Teknosa Samsung Televizyon Fiyat覺	SAMSUNG 40D5500 FHD LED LCD TV	1649	TL	http://img.teknosa.com:80/TeknosaImg/products/1024x783/110012195_1.jpg
2012-05-14 23:26:51	襤 Bankas覺 Alt覺n Fiyat覺	Alt覺n	90.89	TL	
2012-05-14 23:26:51	Garanti Bankas覺 Alt覺n Fiyat覺	Alt覺n	90.847	TL	
2012-05-14 23:26:52	Akbank Alt覺n Fiyat覺	Alt覺n	92.36749	TL	
2012-05-14 23:26:52	Vatan Bilgisayar IPhone Fiyat覺	APPLE iPHONE 4 8 GB CEP TELEFONU (S幎AH)	1888	TL	http//www.vatanbilgisayar.com/products_images/200x200/APPLE/v2-57826.jpg
2012-05-14 23:26:53	Gold Bilgisayar IPhone Fiyat覺	Iphone 4s 16gb Siyah Cep Telefonu -	1891.33	TL	http//www.gold.com.tr/UrunResim/BuyukResim/1219782750957.jpg
2012-05-14 23:26:54	Istanbul Biliim IPhone Fiyat覺	Apple iPhone 4S  16GB (S幎AH)  Cep Telefonu	1794	TL	http//www.istanbulbilisim.com.tr/thumbnail2.php?id=30587&iw=500
2012-05-14 23:26:54	Teknosa Samsung Televizyon Fiyat覺	SAMSUNG 40D5500 FHD LED LCD TV	1649	TL	http://img.teknosa.com:80/TeknosaImg/products/1024x783/110012195_1.jpg
2012-05-14 23:26:57	襤 Bankas覺 Alt覺n Fiyat覺	Alt覺n	90.89	TL	
2012-05-14 23:26:58	Garanti Bankas覺 Alt覺n Fiyat覺	Alt覺n	90.847	TL	
2012-05-14 23:26:58	Akbank Alt覺n Fiyat覺	Alt覺n	92.36749	TL	
2012-05-14 23:27:00	Vatan Bilgisayar IPhone Fiyat覺	APPLE iPHONE 4 8 GB CEP TELEFONU (S幎AH)	1888	TL	http//www.vatanbilgisayar.com/products_images/200x200/APPLE/v2-57826.jpg
2012-05-14 23:27:01	Gold Bilgisayar IPhone Fiyat覺	Iphone 4s 16gb Siyah Cep Telefonu -	1891.33	TL	http//www.gold.com.tr/UrunResim/BuyukResim/1219782750957.jpg
2012-05-14 23:27:02	Istanbul Biliim IPhone Fiyat覺	Apple iPhone 4S  16GB (S幎AH)  Cep Telefonu	1794	TL	http//www.istanbulbilisim.com.tr/thumbnail2.php?id=30587&iw=500
2012-05-14 23:27:02	Teknosa Samsung Televizyon Fiyat覺	SAMSUNG 40D5500 FHD LED LCD TV	1649	TL	http://img.teknosa.com:80/TeknosaImg/products/1024x783/110012195_1.jpg
2012-05-14 23:27:05	襤 Bankas覺 Alt覺n Fiyat覺	Alt覺n	90.89	TL	
2012-05-14 23:27:05	Garanti Bankas覺 Alt覺n Fiyat覺	Alt覺n	90.847	TL	
2012-05-14 23:27:05	Akbank Alt覺n Fiyat覺	Alt覺n	92.36749	TL	
2012-05-14 23:27:06	Vatan Bilgisayar IPhone Fiyat覺	APPLE iPHONE 4 8 GB CEP TELEFONU (S幎AH)	1888	TL	http//www.vatanbilgisayar.com/products_images/200x200/APPLE/v2-57826.jpg
2012-05-14 23:27:07	Gold Bilgisayar IPhone Fiyat覺	Iphone 4s 16gb Siyah Cep Telefonu -	1891.33	TL	http//www.gold.com.tr/UrunResim/BuyukResim/1219782750957.jpg
2012-05-14 23:27:07	Istanbul Biliim IPhone Fiyat覺	Apple iPhone 4S  16GB (S幎AH)  Cep Telefonu	1794	TL	http//www.istanbulbilisim.com.tr/thumbnail2.php?id=30587&iw=500
2012-05-14 23:27:08	Teknosa Samsung Televizyon Fiyat覺	SAMSUNG 40D5500 FHD LED LCD TV	1649	TL	http://img.teknosa.com:80/TeknosaImg/products/1024x783/110012195_1.jpg
2012-05-14 23:27:11	襤 Bankas覺 Alt覺n Fiyat覺	Alt覺n	90.89	TL	
2012-05-14 23:27:11	Garanti Bankas覺 Alt覺n Fiyat覺	Alt覺n	90.847	TL	
2012-05-14 23:27:11	Akbank Alt覺n Fiyat覺	Alt覺n	92.36749	TL	
2012-05-14 23:27:12	Vatan Bilgisayar IPhone Fiyat覺	APPLE iPHONE 4 8 GB CEP TELEFONU (S幎AH)	1888	TL	http//www.vatanbilgisayar.com/products_images/200x200/APPLE/v2-57826.jpg
2012-05-14 23:27:14	Gold Bilgisayar IPhone Fiyat覺	Iphone 4s 16gb Siyah Cep Telefonu -	1891.33	TL	http//www.gold.com.tr/UrunResim/BuyukResim/1219782750957.jpg
2012-05-14 23:27:14	Istanbul Biliim IPhone Fiyat覺	Apple iPhone 4S  16GB (S幎AH)  Cep Telefonu	1794	TL	http//www.istanbulbilisim.com.tr/thumbnail2.php?id=30587&iw=500
2012-05-14 23:27:15	Teknosa Samsung Televizyon Fiyat覺	SAMSUNG 40D5500 FHD LED LCD TV	1649	TL	http://img.teknosa.com:80/TeknosaImg/products/1024x783/110012195_1.jpg
2012-05-14 23:27:18	襤 Bankas覺 Alt覺n Fiyat覺	Alt覺n	90.89	TL	
2012-05-14 23:27:18	Garanti Bankas覺 Alt覺n Fiyat覺	Alt覺n	90.847	TL	
2012-05-14 23:27:19	Akbank Alt覺n Fiyat覺	Alt覺n	92.36749	TL	
2012-05-14 23:27:19	Vatan Bilgisayar IPhone Fiyat覺	APPLE iPHONE 4 8 GB CEP TELEFONU (S幎AH)	1888	TL	http//www.vatanbilgisayar.com/products_images/200x200/APPLE/v2-57826.jpg
2012-05-14 23:27:20	Gold Bilgisayar IPhone Fiyat覺	Iphone 4s 16gb Siyah Cep Telefonu -	1891.33	TL	http//www.gold.com.tr/UrunResim/BuyukResim/1219782750957.jpg
2012-05-14 23:27:21	Istanbul Biliim IPhone Fiyat覺	Apple iPhone 4S  16GB (S幎AH)  Cep Telefonu	1794	TL	http//www.istanbulbilisim.com.tr/thumbnail2.php?id=30587&iw=500
2012-05-14 23:27:21	Teknosa Samsung Televizyon Fiyat覺	SAMSUNG 40D5500 FHD LED LCD TV	1649	TL	http://img.teknosa.com:80/TeknosaImg/products/1024x783/110012195_1.jpg
2012-05-14 23:27:24	襤 Bankas覺 Alt覺n Fiyat覺	Alt覺n	90.89	TL	
2012-05-14 23:27:24	Garanti Bankas覺 Alt覺n Fiyat覺	Alt覺n	90.847	TL	
2012-05-14 23:27:24	Akbank Alt覺n Fiyat覺	Alt覺n	92.36749	TL	
2012-05-14 23:27:26	Vatan Bilgisayar IPhone Fiyat覺	APPLE iPHONE 4 8 GB CEP TELEFONU (S幎AH)	1888	TL	http//www.vatanbilgisayar.com/products_images/200x200/APPLE/v2-57826.jpg
2012-05-14 23:27:27	Gold Bilgisayar IPhone Fiyat覺	Iphone 4s 16gb Siyah Cep Telefonu -	1891.33	TL	http//www.gold.com.tr/UrunResim/BuyukResim/1219782750957.jpg
2012-05-14 23:27:27	Istanbul Biliim IPhone Fiyat覺	Apple iPhone 4S  16GB (S幎AH)  Cep Telefonu	1794	TL	http//www.istanbulbilisim.com.tr/thumbnail2.php?id=30587&iw=500
2012-05-14 23:27:27	Teknosa Samsung Televizyon Fiyat覺	SAMSUNG 40D5500 FHD LED LCD TV	1649	TL	http://img.teknosa.com:80/TeknosaImg/products/1024x783/110012195_1.jpg
2012-05-14 23:27:36	襤 Bankas覺 Alt覺n Fiyat覺	Alt覺n	90.89	TL	
2012-05-14 23:27:36	Garanti Bankas覺 Alt覺n Fiyat覺	Alt覺n	90.847	TL	
2012-05-14 23:27:36	Akbank Alt覺n Fiyat覺	Alt覺n	92.36749	TL	
2012-05-14 23:27:36	Vatan Bilgisayar IPhone Fiyat覺	APPLE iPHONE 4 8 GB CEP TELEFONU (S幎AH)	1888	TL	http//www.vatanbilgisayar.com/products_images/200x200/APPLE/v2-57826.jpg
2012-05-14 23:27:37	Gold Bilgisayar IPhone Fiyat覺	Iphone 4s 16gb Siyah Cep Telefonu -	1891.33	TL	http//www.gold.com.tr/UrunResim/BuyukResim/1219782750957.jpg
2012-05-14 23:27:37	Istanbul Biliim IPhone Fiyat覺	Apple iPhone 4S  16GB (S幎AH)  Cep Telefonu	1794	TL	http//www.istanbulbilisim.com.tr/thumbnail2.php?id=30587&iw=500
2012-05-14 23:27:38	Teknosa Samsung Televizyon Fiyat覺	SAMSUNG 40D5500 FHD LED LCD TV	1649	TL	http://img.teknosa.com:80/TeknosaImg/products/1024x783/110012195_1.jpg
2012-05-14 23:27:41	襤 Bankas覺 Alt覺n Fiyat覺	Alt覺n	90.89	TL	
2012-05-14 23:27:41	Garanti Bankas覺 Alt覺n Fiyat覺	Alt覺n	90.847	TL	
2012-05-14 23:27:41	Akbank Alt覺n Fiyat覺	Alt覺n	92.36749	TL	
2012-05-14 23:27:42	Vatan Bilgisayar IPhone Fiyat覺	APPLE iPHONE 4 8 GB CEP TELEFONU (S幎AH)	1888	TL	http//www.vatanbilgisayar.com/products_images/200x200/APPLE/v2-57826.jpg
2012-05-14 23:27:43	Gold Bilgisayar IPhone Fiyat覺	Iphone 4s 16gb Siyah Cep Telefonu -	1891.33	TL	http//www.gold.com.tr/UrunResim/BuyukResim/1219782750957.jpg
2012-05-14 23:27:44	Istanbul Biliim IPhone Fiyat覺	Apple iPhone 4S  16GB (S幎AH)  Cep Telefonu	1794	TL	http//www.istanbulbilisim.com.tr/thumbnail2.php?id=30587&iw=500
2012-05-14 23:27:44	Teknosa Samsung Televizyon Fiyat覺	SAMSUNG 40D5500 FHD LED LCD TV	1649	TL	http://img.teknosa.com:80/TeknosaImg/products/1024x783/110012195_1.jpg
2012-05-14 23:27:48	襤 Bankas覺 Alt覺n Fiyat覺	Alt覺n	90.89	TL	
2012-05-14 23:27:48	Garanti Bankas覺 Alt覺n Fiyat覺	Alt覺n	90.847	TL	
2012-05-14 23:27:48	Akbank Alt覺n Fiyat覺	Alt覺n	92.36749	TL	
2012-05-14 23:27:49	Vatan Bilgisayar IPhone Fiyat覺	APPLE iPHONE 4 8 GB CEP TELEFONU (S幎AH)	1888	TL	http//www.vatanbilgisayar.com/products_images/200x200/APPLE/v2-57826.jpg
2012-05-14 23:27:50	Gold Bilgisayar IPhone Fiyat覺	Iphone 4s 16gb Siyah Cep Telefonu -	1891.33	TL	http//www.gold.com.tr/UrunResim/BuyukResim/1219782750957.jpg
2012-05-14 23:27:50	Istanbul Biliim IPhone Fiyat覺	Apple iPhone 4S  16GB (S幎AH)  Cep Telefonu	1794	TL	http//www.istanbulbilisim.com.tr/thumbnail2.php?id=30587&iw=500
2012-05-14 23:27:51	Teknosa Samsung Televizyon Fiyat覺	SAMSUNG 40D5500 FHD LED LCD TV	1649	TL	http://img.teknosa.com:80/TeknosaImg/products/1024x783/110012195_1.jpg
2012-05-14 23:27:54	襤 Bankas覺 Alt覺n Fiyat覺	Alt覺n	90.89	TL	
2012-05-14 23:27:54	Garanti Bankas覺 Alt覺n Fiyat覺	Alt覺n	90.847	TL	
2012-05-14 23:27:55	Akbank Alt覺n Fiyat覺	Alt覺n	92.36749	TL	
2012-05-14 23:27:55	Vatan Bilgisayar IPhone Fiyat覺	APPLE iPHONE 4 8 GB CEP TELEFONU (S幎AH)	1888	TL	http//www.vatanbilgisayar.com/products_images/200x200/APPLE/v2-57826.jpg
2012-05-14 23:27:56	Gold Bilgisayar IPhone Fiyat覺	Iphone 4s 16gb Siyah Cep Telefonu -	1891.33	TL	http//www.gold.com.tr/UrunResim/BuyukResim/1219782750957.jpg
2012-05-14 23:27:57	Istanbul Biliim IPhone Fiyat覺	Apple iPhone 4S  16GB (S幎AH)  Cep Telefonu	1794	TL	http//www.istanbulbilisim.com.tr/thumbnail2.php?id=30587&iw=500
2012-05-14 23:27:57	Teknosa Samsung Televizyon Fiyat覺	SAMSUNG 40D5500 FHD LED LCD TV	1649	TL	http://img.teknosa.com:80/TeknosaImg/products/1024x783/110012195_1.jpg
2012-05-14 23:28:00	襤 Bankas覺 Alt覺n Fiyat覺	Alt覺n	90.89	TL	
2012-05-14 23:28:00	Garanti Bankas覺 Alt覺n Fiyat覺	Alt覺n	90.847	TL	
2012-05-14 23:28:00	Akbank Alt覺n Fiyat覺	Alt覺n	92.36749	TL	
2012-05-14 23:28:02	Vatan Bilgisayar IPhone Fiyat覺	APPLE iPHONE 4 8 GB CEP TELEFONU (S幎AH)	1888	TL	http//www.vatanbilgisayar.com/products_images/200x200/APPLE/v2-57826.jpg
2012-05-14 23:28:02	Gold Bilgisayar IPhone Fiyat覺	Iphone 4s 16gb Siyah Cep Telefonu -	1891.33	TL	http//www.gold.com.tr/UrunResim/BuyukResim/1219782750957.jpg
2012-05-14 23:28:03	Istanbul Biliim IPhone Fiyat覺	Apple iPhone 4S  16GB (S幎AH)  Cep Telefonu	1794	TL	http//www.istanbulbilisim.com.tr/thumbnail2.php?id=30587&iw=500
2012-05-14 23:28:03	Teknosa Samsung Televizyon Fiyat覺	SAMSUNG 40D5500 FHD LED LCD TV	1649	TL	http://img.teknosa.com:80/TeknosaImg/products/1024x783/110012195_1.jpg
2012-05-14 23:28:06	襤 Bankas覺 Alt覺n Fiyat覺	Alt覺n	90.89	TL	
2012-05-14 23:28:07	Garanti Bankas覺 Alt覺n Fiyat覺	Alt覺n	90.847	TL	
2012-05-14 23:28:07	Akbank Alt覺n Fiyat覺	Alt覺n	92.36749	TL	
2012-05-14 23:28:07	Vatan Bilgisayar IPhone Fiyat覺	APPLE iPHONE 4 8 GB CEP TELEFONU (S幎AH)	1888	TL	http//www.vatanbilgisayar.com/products_images/200x200/APPLE/v2-57826.jpg
2012-05-14 23:28:08	Gold Bilgisayar IPhone Fiyat覺	Iphone 4s 16gb Siyah Cep Telefonu -	1891.33	TL	http//www.gold.com.tr/UrunResim/BuyukResim/1219782750957.jpg
2012-05-14 23:28:09	Istanbul Biliim IPhone Fiyat覺	Apple iPhone 4S  16GB (S幎AH)  Cep Telefonu	1794	TL	http//www.istanbulbilisim.com.tr/thumbnail2.php?id=30587&iw=500
2012-05-14 23:28:09	Teknosa Samsung Televizyon Fiyat覺	SAMSUNG 40D5500 FHD LED LCD TV	1649	TL	http://img.teknosa.com:80/TeknosaImg/products/1024x783/110012195_1.jpg
2012-05-14 23:28:12	襤 Bankas覺 Alt覺n Fiyat覺	Alt覺n	90.89	TL	
2012-05-14 23:28:12	Garanti Bankas覺 Alt覺n Fiyat覺	Alt覺n	90.847	TL	
2012-05-14 23:28:13	Akbank Alt覺n Fiyat覺	Alt覺n	92.36749	TL	
2012-05-14 23:28:14	Vatan Bilgisayar IPhone Fiyat覺	APPLE iPHONE 4 8 GB CEP TELEFONU (S幎AH)	1888	TL	http//www.vatanbilgisayar.com/products_images/200x200/APPLE/v2-57826.jpg
2012-05-14 23:28:15	Gold Bilgisayar IPhone Fiyat覺	Iphone 4s 16gb Siyah Cep Telefonu -	1891.33	TL	http//www.gold.com.tr/UrunResim/BuyukResim/1219782750957.jpg
2012-05-14 23:28:15	Istanbul Biliim IPhone Fiyat覺	Apple iPhone 4S  16GB (S幎AH)  Cep Telefonu	1794	TL	http//www.istanbulbilisim.com.tr/thumbnail2.php?id=30587&iw=500
2012-05-14 23:28:15	Teknosa Samsung Televizyon Fiyat覺	SAMSUNG 40D5500 FHD LED LCD TV	1649	TL	http://img.teknosa.com:80/TeknosaImg/products/1024x783/110012195_1.jpg
2012-05-14 23:28:18	襤 Bankas覺 Alt覺n Fiyat覺	Alt覺n	90.89	TL	
2012-05-14 23:28:18	Garanti Bankas覺 Alt覺n Fiyat覺	Alt覺n	90.847	TL	
2012-05-14 23:28:19	Akbank Alt覺n Fiyat覺	Alt覺n	92.36749	TL	
2012-05-14 23:28:19	Vatan Bilgisayar IPhone Fiyat覺	APPLE iPHONE 4 8 GB CEP TELEFONU (S幎AH)	1888	TL	http//www.vatanbilgisayar.com/products_images/200x200/APPLE/v2-57826.jpg
2012-05-14 23:28:20	Gold Bilgisayar IPhone Fiyat覺	Iphone 4s 16gb Siyah Cep Telefonu -	1891.33	TL	http//www.gold.com.tr/UrunResim/BuyukResim/1219782750957.jpg
2012-05-14 23:28:20	Istanbul Biliim IPhone Fiyat覺	Apple iPhone 4S  16GB (S幎AH)  Cep Telefonu	1794	TL	http//www.istanbulbilisim.com.tr/thumbnail2.php?id=30587&iw=500
2012-05-14 23:28:21	Teknosa Samsung Televizyon Fiyat覺	SAMSUNG 40D5500 FHD LED LCD TV	1649	TL	http://img.teknosa.com:80/TeknosaImg/products/1024x783/110012195_1.jpg
2012-05-14 23:28:24	襤 Bankas覺 Alt覺n Fiyat覺	Alt覺n	90.89	TL	
2012-05-14 23:28:24	Garanti Bankas覺 Alt覺n Fiyat覺	Alt覺n	90.847	TL	
2012-05-14 23:28:26	Akbank Alt覺n Fiyat覺	Alt覺n	92.36749	TL	
2012-05-14 23:28:27	Vatan Bilgisayar IPhone Fiyat覺	APPLE iPHONE 4 8 GB CEP TELEFONU (S幎AH)	1888	TL	http//www.vatanbilgisayar.com/products_images/200x200/APPLE/v2-57826.jpg
2012-05-14 23:28:28	Gold Bilgisayar IPhone Fiyat覺	Iphone 4s 16gb Siyah Cep Telefonu -	1891.33	TL	http//www.gold.com.tr/UrunResim/BuyukResim/1219782750957.jpg
2012-05-14 23:28:28	Istanbul Biliim IPhone Fiyat覺	Apple iPhone 4S  16GB (S幎AH)  Cep Telefonu	1794	TL	http//www.istanbulbilisim.com.tr/thumbnail2.php?id=30587&iw=500
2012-05-14 23:28:28	Teknosa Samsung Televizyon Fiyat覺	SAMSUNG 40D5500 FHD LED LCD TV	1649	TL	http://img.teknosa.com:80/TeknosaImg/products/1024x783/110012195_1.jpg
2012-05-14 23:28:31	襤 Bankas覺 Alt覺n Fiyat覺	Alt覺n	90.89	TL	
2012-05-14 23:28:31	Garanti Bankas覺 Alt覺n Fiyat覺	Alt覺n	90.847	TL	
2012-05-14 23:28:32	Akbank Alt覺n Fiyat覺	Alt覺n	92.36749	TL	
2012-05-14 23:28:32	Vatan Bilgisayar IPhone Fiyat覺	APPLE iPHONE 4 8 GB CEP TELEFONU (S幎AH)	1888	TL	http//www.vatanbilgisayar.com/products_images/200x200/APPLE/v2-57826.jpg
2012-05-14 23:28:35	Gold Bilgisayar IPhone Fiyat覺	Iphone 4s 16gb Siyah Cep Telefonu -	1891.33	TL	http//www.gold.com.tr/UrunResim/BuyukResim/1219782750957.jpg
2012-05-14 23:28:35	Istanbul Biliim IPhone Fiyat覺	Apple iPhone 4S  16GB (S幎AH)  Cep Telefonu	1794	TL	http//www.istanbulbilisim.com.tr/thumbnail2.php?id=30587&iw=500
2012-05-14 23:28:35	Teknosa Samsung Televizyon Fiyat覺	SAMSUNG 40D5500 FHD LED LCD TV	1649	TL	http://img.teknosa.com:80/TeknosaImg/products/1024x783/110012195_1.jpg
2012-05-14 23:28:38	襤 Bankas覺 Alt覺n Fiyat覺	Alt覺n	90.89	TL	
2012-05-14 23:28:39	Garanti Bankas覺 Alt覺n Fiyat覺	Alt覺n	90.847	TL	
2012-05-14 23:28:39	Akbank Alt覺n Fiyat覺	Alt覺n	92.36749	TL	
2012-05-14 23:28:40	Vatan Bilgisayar IPhone Fiyat覺	APPLE iPHONE 4 8 GB CEP TELEFONU (S幎AH)	1888	TL	http//www.vatanbilgisayar.com/products_images/200x200/APPLE/v2-57826.jpg
2012-05-14 23:28:40	Gold Bilgisayar IPhone Fiyat覺	Iphone 4s 16gb Siyah Cep Telefonu -	1891.33	TL	http//www.gold.com.tr/UrunResim/BuyukResim/1219782750957.jpg
2012-05-14 23:28:41	Istanbul Biliim IPhone Fiyat覺	Apple iPhone 4S  16GB (S幎AH)  Cep Telefonu	1794	TL	http//www.istanbulbilisim.com.tr/thumbnail2.php?id=30587&iw=500
2012-05-14 23:28:41	Teknosa Samsung Televizyon Fiyat覺	SAMSUNG 40D5500 FHD LED LCD TV	1649	TL	http://img.teknosa.com:80/TeknosaImg/products/1024x783/110012195_1.jpg
2012-05-14 23:28:44	襤 Bankas覺 Alt覺n Fiyat覺	Alt覺n	90.89	TL	
2012-05-14 23:28:44	Garanti Bankas覺 Alt覺n Fiyat覺	Alt覺n	90.847	TL	
2012-05-14 23:28:45	Akbank Alt覺n Fiyat覺	Alt覺n	92.36749	TL	
2012-05-14 23:28:45	Vatan Bilgisayar IPhone Fiyat覺	APPLE iPHONE 4 8 GB CEP TELEFONU (S幎AH)	1888	TL	http//www.vatanbilgisayar.com/products_images/200x200/APPLE/v2-57826.jpg
2012-05-14 23:28:46	Gold Bilgisayar IPhone Fiyat覺	Iphone 4s 16gb Siyah Cep Telefonu -	1891.33	TL	http//www.gold.com.tr/UrunResim/BuyukResim/1219782750957.jpg
2012-05-14 23:28:47	Istanbul Biliim IPhone Fiyat覺	Apple iPhone 4S  16GB (S幎AH)  Cep Telefonu	1794	TL	http//www.istanbulbilisim.com.tr/thumbnail2.php?id=30587&iw=500
2012-05-14 23:28:47	Teknosa Samsung Televizyon Fiyat覺	SAMSUNG 40D5500 FHD LED LCD TV	1649	TL	http://img.teknosa.com:80/TeknosaImg/products/1024x783/110012195_1.jpg
2012-05-14 23:28:50	襤 Bankas覺 Alt覺n Fiyat覺	Alt覺n	90.89	TL	
2012-05-14 23:28:50	Garanti Bankas覺 Alt覺n Fiyat覺	Alt覺n	90.847	TL	
2012-05-14 23:28:51	Akbank Alt覺n Fiyat覺	Alt覺n	92.36749	TL	
2012-05-14 23:28:51	Vatan Bilgisayar IPhone Fiyat覺	APPLE iPHONE 4 8 GB CEP TELEFONU (S幎AH)	1888	TL	http//www.vatanbilgisayar.com/products_images/200x200/APPLE/v2-57826.jpg
2012-05-14 23:28:52	Gold Bilgisayar IPhone Fiyat覺	Iphone 4s 16gb Siyah Cep Telefonu -	1891.33	TL	http//www.gold.com.tr/UrunResim/BuyukResim/1219782750957.jpg
2012-05-14 23:28:52	Istanbul Biliim IPhone Fiyat覺	Apple iPhone 4S  16GB (S幎AH)  Cep Telefonu	1794	TL	http//www.istanbulbilisim.com.tr/thumbnail2.php?id=30587&iw=500
2012-05-14 23:28:52	Teknosa Samsung Televizyon Fiyat覺	SAMSUNG 40D5500 FHD LED LCD TV	1649	TL	http://img.teknosa.com:80/TeknosaImg/products/1024x783/110012195_1.jpg
2012-05-14 23:28:56	襤 Bankas覺 Alt覺n Fiyat覺	Alt覺n	90.89	TL	
2012-05-14 23:28:56	Garanti Bankas覺 Alt覺n Fiyat覺	Alt覺n	90.847	TL	
2012-05-14 23:28:56	Akbank Alt覺n Fiyat覺	Alt覺n	92.36749	TL	
2012-05-14 23:28:56	Vatan Bilgisayar IPhone Fiyat覺	APPLE iPHONE 4 8 GB CEP TELEFONU (S幎AH)	1888	TL	http//www.vatanbilgisayar.com/products_images/200x200/APPLE/v2-57826.jpg
2012-05-14 23:28:57	Gold Bilgisayar IPhone Fiyat覺	Iphone 4s 16gb Siyah Cep Telefonu -	1891.33	TL	http//www.gold.com.tr/UrunResim/BuyukResim/1219782750957.jpg
2012-05-14 23:28:59	Istanbul Biliim IPhone Fiyat覺	Apple iPhone 4S  16GB (S幎AH)  Cep Telefonu	1794	TL	http//www.istanbulbilisim.com.tr/thumbnail2.php?id=30587&iw=500
2012-05-14 23:28:59	Teknosa Samsung Televizyon Fiyat覺	SAMSUNG 40D5500 FHD LED LCD TV	1649	TL	http://img.teknosa.com:80/TeknosaImg/products/1024x783/110012195_1.jpg
2012-05-14 23:29:02	襤 Bankas覺 Alt覺n Fiyat覺	Alt覺n	90.89	TL	
2012-05-14 23:29:02	Garanti Bankas覺 Alt覺n Fiyat覺	Alt覺n	90.847	TL	
2012-05-14 23:29:03	Akbank Alt覺n Fiyat覺	Alt覺n	92.36749	TL	
2012-05-14 23:29:04	Vatan Bilgisayar IPhone Fiyat覺	APPLE iPHONE 4 8 GB CEP TELEFONU (S幎AH)	1888	TL	http//www.vatanbilgisayar.com/products_images/200x200/APPLE/v2-57826.jpg
2012-05-14 23:29:05	Gold Bilgisayar IPhone Fiyat覺	Iphone 4s 16gb Siyah Cep Telefonu -	1891.33	TL	http//www.gold.com.tr/UrunResim/BuyukResim/1219782750957.jpg
2012-05-14 23:29:05	Istanbul Biliim IPhone Fiyat覺	Apple iPhone 4S  16GB (S幎AH)  Cep Telefonu	1794	TL	http//www.istanbulbilisim.com.tr/thumbnail2.php?id=30587&iw=500
2012-05-14 23:29:05	Teknosa Samsung Televizyon Fiyat覺	SAMSUNG 40D5500 FHD LED LCD TV	1649	TL	http://img.teknosa.com:80/TeknosaImg/products/1024x783/110012195_1.jpg
